# JRE version: Java(TM) SE Runtime Environment (8.0_101-b13) (build 1.8.0_101-b13)
# Java VM: Java HotSpot(TM) 64-Bit Server VM (25.101-b13 mixed mode linux-amd64 compressed oops)
Heap:
 PSYoungGen      total 192512K, used 13819K [0x00000000eb700000, 0x00000000f9780000, 0x0000000100000000)
  eden space 178688K, 0% used [0x00000000eb700000,0x00000000eb700000,0x00000000f6580000)
  from space 13824K, 99% used [0x00000000f6580000,0x00000000f72fecc0,0x00000000f7300000)
  to   space 10752K, 0% used [0x00000000f7300000,0x00000000f7300000,0x00000000f7d80000)
 ParOldGen       total 59392K, used 24780K [0x00000000c2400000, 0x00000000c5e00000, 0x00000000eb700000)
  object space 59392K, 41% used [0x00000000c2400000,0x00000000c3c33350,0x00000000c5e00000)
 Metaspace       used 44775K, capacity 45132K, committed 45608K, reserved 1089536K
  class space    used 5803K, capacity 5897K, committed 5928K, reserved 1048576K
GC Heap History (10 events):
Event: 5.026 GC heap after
Heap after GC invocations=6 (full 1):
 PSYoungGen      total 66048K, used 0K [0x00000000eb700000, 0x00000000f4500000, 0x0000000100000000)
  eden space 63488K, 0% used [0x00000000eb700000,0x00000000eb700000,0x00000000ef500000)
  from space 2560K, 0% used [0x00000000ef500000,0x00000000ef500000,0x00000000ef780000)
  to   space 9216K, 0% used [0x00000000f3c00000,0x00000000f3c00000,0x00000000f4500000)
 ParOldGen       total 38912K, used 11367K [0x00000000c2400000, 0x00000000c4a00000, 0x00000000eb700000)
  object space 38912K, 29% used [0x00000000c2400000,0x00000000c2f19c98,0x00000000c4a00000)
 Metaspace       used 20871K, capacity 21112K, committed 21296K, reserved 1069056K
  class space    used 2549K, capacity 2635K, committed 2688K, reserved 1048576K
}
Event: 5.646 GC heap before
{Heap before GC invocations=7 (full 1):
 PSYoungGen      total 66048K, used 63488K [0x00000000eb700000, 0x00000000f4500000, 0x0000000100000000)
  eden space 63488K, 100% used [0x00000000eb700000,0x00000000ef500000,0x00000000ef500000)
  from space 2560K, 0% used [0x00000000ef500000,0x00000000ef500000,0x00000000ef780000)
  to   space 9216K, 0% used [0x00000000f3c00000,0x00000000f3c00000,0x00000000f4500000)
 ParOldGen       total 38912K, used 11367K [0x00000000c2400000, 0x00000000c4a00000, 0x00000000eb700000)
  object space 38912K, 29% used [0x00000000c2400000,0x00000000c2f19c98,0x00000000c4a00000)
 Metaspace       used 21648K, capacity 21930K, committed 22192K, reserved 1069056K
  class space    used 2653K, capacity 2734K, committed 2816K, reserved 1048576K
Event: 5.666 GC heap after
Heap after GC invocations=7 (full 1):
 PSYoungGen      total 114176K, used 4952K [0x00000000eb700000, 0x00000000f4100000, 0x0000000100000000)
  eden space 109056K, 0% used [0x00000000eb700000,0x00000000eb700000,0x00000000f2180000)
  from space 5120K, 96% used [0x00000000f3c00000,0x00000000f40d6048,0x00000000f4100000)
  to   space 8704K, 0% used [0x00000000f3000000,0x00000000f3000000,0x00000000f3880000)
 ParOldGen       total 38912K, used 11375K [0x00000000c2400000, 0x00000000c4a00000, 0x00000000eb700000)
  object space 38912K, 29% used [0x00000000c2400000,0x00000000c2f1bc98,0x00000000c4a00000)
 Metaspace       used 21648K, capacity 21930K, committed 22192K, reserved 1069056K
  class space    used 2653K, capacity 2734K, committed 2816K, reserved 1048576K
}
Event: 10.699 GC heap before
{Heap before GC invocations=8 (full 1):
 PSYoungGen      total 114176K, used 114008K [0x00000000eb700000, 0x00000000f4100000, 0x0000000100000000)
  eden space 109056K, 100% used [0x00000000eb700000,0x00000000f2180000,0x00000000f2180000)
  from space 5120K, 96% used [0x00000000f3c00000,0x00000000f40d6048,0x00000000f4100000)
  to   space 8704K, 0% used [0x00000000f3000000,0x00000000f3000000,0x00000000f3880000)
 ParOldGen       total 38912K, used 11375K [0x00000000c2400000, 0x00000000c4a00000, 0x00000000eb700000)
  object space 38912K, 29% used [0x00000000c2400000,0x00000000c2f1bc98,0x00000000c4a00000)
 Metaspace       used 27685K, capacity 27998K, committed 28416K, reserved 1075200K
  class space    used 3448K, capacity 3548K, committed 3584K, reserved 1048576K
Event: 10.741 GC heap after
Heap after GC invocations=8 (full 1):
 PSYoungGen      total 132608K, used 8675K [0x00000000eb700000, 0x00000000f7d80000, 0x0000000100000000)
  eden space 123904K, 0% used [0x00000000eb700000,0x00000000eb700000,0x00000000f3000000)
  from space 8704K, 99% used [0x00000000f3000000,0x00000000f3878cf8,0x00000000f3880000)
  to   space 10752K, 0% used [0x00000000f7300000,0x00000000f7300000,0x00000000f7d80000)
 ParOldGen       total 38912K, used 12985K [0x00000000c2400000, 0x00000000c4a00000, 0x00000000eb700000)
  object space 38912K, 33% used [0x00000000c2400000,0x00000000c30ae770,0x00000000c4a00000)
 Metaspace       used 27685K, capacity 27998K, committed 28416K, reserved 1075200K
  class space    used 3448K, capacity 3548K, committed 3584K, reserved 1048576K
}
Event: 14.940 GC heap before
{Heap before GC invocations=9 (full 1):
 PSYoungGen      total 132608K, used 119968K [0x00000000eb700000, 0x00000000f7d80000, 0x0000000100000000)
  eden space 123904K, 89% used [0x00000000eb700000,0x00000000f23af460,0x00000000f3000000)
  from space 8704K, 99% used [0x00000000f3000000,0x00000000f3878cf8,0x00000000f3880000)
  to   space 10752K, 0% used [0x00000000f7300000,0x00000000f7300000,0x00000000f7d80000)
 ParOldGen       total 38912K, used 12985K [0x00000000c2400000, 0x00000000c4a00000, 0x00000000eb700000)
  object space 38912K, 33% used [0x00000000c2400000,0x00000000c30ae770,0x00000000c4a00000)
 Metaspace       used 34973K, capacity 35260K, committed 35496K, reserved 1081344K
  class space    used 4413K, capacity 4513K, committed 4520K, reserved 1048576K
Event: 14.984 GC heap after
Heap after GC invocations=9 (full 1):
 PSYoungGen      total 189440K, used 10743K [0x00000000eb700000, 0x00000000f9780000, 0x0000000100000000)
  eden space 178688K, 0% used [0x00000000eb700000,0x00000000eb700000,0x00000000f6580000)
  from space 10752K, 99% used [0x00000000f7300000,0x00000000f7d7dc20,0x00000000f7d80000)
  to   space 13824K, 0% used [0x00000000f6580000,0x00000000f6580000,0x00000000f7300000)
 ParOldGen       total 38912K, used 15747K [0x00000000c2400000, 0x00000000c4a00000, 0x00000000eb700000)
  object space 38912K, 40% used [0x00000000c2400000,0x00000000c3360dc8,0x00000000c4a00000)
 Metaspace       used 34973K, capacity 35260K, committed 35496K, reserved 1081344K
  class space    used 4413K, capacity 4513K, committed 4520K, reserved 1048576K
}
Event: 14.984 GC heap before
{Heap before GC invocations=10 (full 2):
 PSYoungGen      total 189440K, used 10743K [0x00000000eb700000, 0x00000000f9780000, 0x0000000100000000)
  eden space 178688K, 0% used [0x00000000eb700000,0x00000000eb700000,0x00000000f6580000)
  from space 10752K, 99% used [0x00000000f7300000,0x00000000f7d7dc20,0x00000000f7d80000)
  to   space 13824K, 0% used [0x00000000f6580000,0x00000000f6580000,0x00000000f7300000)
 ParOldGen       total 38912K, used 15747K [0x00000000c2400000, 0x00000000c4a00000, 0x00000000eb700000)
  object space 38912K, 40% used [0x00000000c2400000,0x00000000c3360dc8,0x00000000c4a00000)
 Metaspace       used 34973K, capacity 35260K, committed 35496K, reserved 1081344K
  class space    used 4413K, capacity 4513K, committed 4520K, reserved 1048576K
Event: 15.311 GC heap after
Heap after GC invocations=10 (full 2):
 PSYoungGen      total 189440K, used 0K [0x00000000eb700000, 0x00000000f9780000, 0x0000000100000000)
  eden space 178688K, 0% used [0x00000000eb700000,0x00000000eb700000,0x00000000f6580000)
  from space 10752K, 0% used [0x00000000f7300000,0x00000000f7300000,0x00000000f7d80000)
  to   space 13824K, 0% used [0x00000000f6580000,0x00000000f6580000,0x00000000f7300000)
 ParOldGen       total 59392K, used 22082K [0x00000000c2400000, 0x00000000c5e00000, 0x00000000eb700000)
  object space 59392K, 37% used [0x00000000c2400000,0x00000000c39908b0,0x00000000c5e00000)
 Metaspace       used 34973K, capacity 35260K, committed 35496K, reserved 1081344K
  class space    used 4413K, capacity 4513K, committed 4520K, reserved 1048576K
}
Event: 46.684 GC heap before
{Heap before GC invocations=11 (full 2):
 PSYoungGen      total 189440K, used 178688K [0x00000000eb700000, 0x00000000f9780000, 0x0000000100000000)
  eden space 178688K, 100% used [0x00000000eb700000,0x00000000f6580000,0x00000000f6580000)
  from space 10752K, 0% used [0x00000000f7300000,0x00000000f7300000,0x00000000f7d80000)
  to   space 13824K, 0% used [0x00000000f6580000,0x00000000f6580000,0x00000000f7300000)
 ParOldGen       total 59392K, used 22082K [0x00000000c2400000, 0x00000000c5e00000, 0x00000000eb700000)
  object space 59392K, 37% used [0x00000000c2400000,0x00000000c39908b0,0x00000000c5e00000)
 Metaspace       used 44775K, capacity 45132K, committed 45608K, reserved 1089536K
  class space    used 5803K, capacity 5897K, committed 5928K, reserved 1048576K

